<?xml version="1.0" encoding="UTF-8"?>
<!-- Generated by org.testng.reporters.JUnitXMLReporter -->
<testsuite ignored="0" hostname="WptIND-F7T37V3" failures="1" tests="1" name="Test(failed)" time="0.317" errors="0" timestamp="2025-04-18T21:27:16 IST">
  <testcase classname="TestCase.TC_001_LoginVerify" name="verify" time="0.009">
    <failure type="java.lang.NullPointerException" message="Cannot invoke &amp;quot;org.apache.logging.log4j.Logger.info(String)&amp;quot; because &amp;quot;this.logs&amp;quot; is null">
      <![CDATA[java.lang.NullPointerException: Cannot invoke "org.apache.logging.log4j.Logger.info(String)" because "this.logs" is null
at TestCase.TC_001_LoginVerify.verify(TC_001_LoginVerify.java:17)
at java.base/java.util.ArrayList.forEach(ArrayList.java:1596)
... Removed 25 stack frames]]>
    </failure>
  </testcase> <!-- verify -->
</testsuite> <!-- Test(failed) -->
