<?xml version="1.0" encoding="UTF-8"?>
<!-- Generated by org.testng.reporters.JUnitXMLReporter -->
<testsuite ignored="1" hostname="WptIND-F7T37V3" failures="0" tests="4" name="Functional" time="186.516" errors="0" timestamp="2025-04-24T19:22:53 IST">
  <testcase classname="TestCase.TC_002_Verify_Login" name="verifyLog" time="32.093"/>
  <testcase classname="TestCase.TC_002_Verify_Login" name="verifyLog" time="31.86"/>
  <testcase classname="TestCase.TC_002_Verify_Login" name="verifyLog" time="31.818"/>
  <testcase classname="TestCase.TC_002_Verify_Login" name="verifyLog" time="40.248"/>
  <testcase classname="TestCase.TC_001_LoginVerify" name="verify" time="0.0">
    <ignored/>
  </testcase> <!-- verify -->
</testsuite> <!-- Functional -->
